#
# A fatal error has been detected by the Java Runtime Environment:
#
#  EXCEPTION_ACCESS_VIOLATION (0xc0000005) at pc=0x00007fff2221ba20, pid=6544, tid=20184
#
# JRE version: Java(TM) SE Runtime Environment (12.0.2+10) (build 12.0.2+10)
# Java VM: Java HotSpot(TM) 64-Bit Server VM (12.0.2+10, mixed mode, sharing, tiered, compressed oops, g1 gc, windows-amd64)
# Problematic frame:
# V  [jvm.dll+0x3eba20]
#
# No core dump will be written. Minidumps are not enabled by default on client versions of Windows
#
# If you would like to submit a bug report, please visit:
#   http://bugreport.java.com/bugreport/crash.jsp
#

---------------  S U M M A R Y ------------

Command Line: -Dfile.encoding=UTF-8 proyectocaptura.main

Host: AMD Ryzen 5 2600 Six-Core Processor            , 12 cores, 31G,  Windows 10 , 64 bit Build 18362 (10.0.18362.778)
Time: Thu May 28 01:41:21 2020 Mountain Daylight Time (Mexico) elapsed time: 0 seconds (0d 0h 0m 0s)

---------------  T H R E A D  ---------------

Current thread (0x00000172d01fa800):  JavaThread "main" [_thread_in_vm, id=20184, stack(0x000000393c800000,0x000000393c900000)]

Stack: [0x000000393c800000,0x000000393c900000],  sp=0x000000393c8fe950,  free space=1018k
Native frames: (J=compiled Java code, j=interpreted, Vv=VM code, C=native code)
V  [jvm.dll+0x3eba20]
C  [sqljdbc_auth.dll+0x66e7]

Java frames: (J=compiled Java code, j=interpreted, Vv=VM code)
j  com.microsoft.sqlserver.jdbc.AuthenticationJNI.SNISecGenClientContext([B[I[BI[B[I[ZLjava/lang/String;Ljava/lang/String;Ljava/lang/String;Ljava/util/logging/Logger;)I+0
j  com.microsoft.sqlserver.jdbc.AuthenticationJNI.GenerateClientContext([BI[B[I[Z)I+24
j  com.microsoft.sqlserver.jdbc.SQLServerConnection.SSPIData([B[B[I[ZLcom/microsoft/sqlserver/jdbc/AuthenticationJNI;)V+13
j  com.microsoft.sqlserver.jdbc.SQLServerConnection.sendLogon(Lcom/microsoft/sqlserver/jdbc/SQLServerConnection$LogonCommand;Lcom/microsoft/sqlserver/jdbc/AuthenticationJNI;)V+155
j  com.microsoft.sqlserver.jdbc.SQLServerConnection.logon(Lcom/microsoft/sqlserver/jdbc/SQLServerConnection$LogonCommand;)V+20
j  com.microsoft.sqlserver.jdbc.SQLServerConnection.access$000(Lcom/microsoft/sqlserver/jdbc/SQLServerConnection;Lcom/microsoft/sqlserver/jdbc/SQLServerConnection$LogonCommand;)V+2
j  com.microsoft.sqlserver.jdbc.SQLServerConnection$LogonCommand.doExecute()Z+5
j  com.microsoft.sqlserver.jdbc.TDSCommand.execute(Lcom/microsoft/sqlserver/jdbc/TDSWriter;Lcom/microsoft/sqlserver/jdbc/TDSReader;)Z+30
j  com.microsoft.sqlserver.jdbc.SQLServerConnection.executeCommand(Lcom/microsoft/sqlserver/jdbc/TDSCommand;)Z+45
j  com.microsoft.sqlserver.jdbc.SQLServerConnection.connectHelper(Lcom/microsoft/sqlserver/jdbc/ServerPortPlaceHolder;II)V+284
j  com.microsoft.sqlserver.jdbc.SQLServerConnection.login(Ljava/lang/String;Ljava/lang/String;ILjava/lang/String;Lcom/microsoft/sqlserver/jdbc/FailoverInfo;IJ)V+399
j  com.microsoft.sqlserver.jdbc.SQLServerConnection.connect(Ljava/util/Properties;Lcom/microsoft/sqlserver/jdbc/SQLServerPooledConnection;)Ljava/sql/Connection;+1929
j  com.microsoft.sqlserver.jdbc.SQLServerDriver.connect(Ljava/lang/String;Ljava/util/Properties;)Ljava/sql/Connection;+45
j  java.sql.DriverManager.getConnection(Ljava/lang/String;Ljava/util/Properties;Ljava/lang/Class;)Ljava/sql/Connection;+130 java.sql@12.0.2
j  java.sql.DriverManager.getConnection(Ljava/lang/String;)Ljava/sql/Connection;+13 java.sql@12.0.2
j  proyectocaptura.ConexionSQL.getConexion()Ljava/sql/Statement;+14
j  proyectocaptura.Modelo.<init>()V+10
j  proyectocaptura.main.main([Ljava/lang/String;)V+12
v  ~StubRoutines::call_stub

siginfo: EXCEPTION_ACCESS_VIOLATION (0xc0000005), reading address 0x000001bfc88b4907


Register to memory mapping:

RIP=0x00007fff2221ba20 jvm.dll
RAX=0x000001bfc88b48ff is an unknown value
RBX=0x00000172d01fa800 is a thread
RCX=0x000001bfc88b48ff is an unknown value
RDX=0x0000000000000006 is an unknown value
RSP=0x000000393c8fe950 is pointing into the stack for thread: 0x00000172d01fa800
RBP=0x000000393c8fea00 is pointing into the stack for thread: 0x00000172d01fa800
RSI=0x00000172d01fa800 is a thread
RDI=0x00007fff22423d7f jvm.dll
R8 =0x0000000000000004 is an unknown value
R9 =0x000000000000002f is an unknown value
R10=0x00007fff5d11e200 sqljdbc_auth.dll
R11=0x0 is NULL
R12=0x000000393c8fece0 is pointing into the stack for thread: 0x00000172d01fa800
R13=0x0 is NULL
R14=0x00000172d01fab30 points into unknown readable memory: f0 4d 84 22 ff 7f 00 00
R15=0x0 is NULL


Registers:
RAX=0x000001bfc88b48ff, RBX=0x00000172d01fa800, RCX=0x000001bfc88b48ff, RDX=0x0000000000000006
RSP=0x000000393c8fe950, RBP=0x000000393c8fea00, RSI=0x00000172d01fa800, RDI=0x00007fff22423d7f
R8 =0x0000000000000004, R9 =0x000000000000002f, R10=0x00007fff5d11e200, R11=0x0000000000000000
R12=0x000000393c8fece0, R13=0x0000000000000000, R14=0x00000172d01fab30, R15=0x0000000000000000
RIP=0x00007fff2221ba20, EFLAGS=0x0000000000010202

Top of Stack: (sp=0x000000393c8fe950)
0x000000393c8fe950:   00000172d01fa800 00000172d01fab30
0x000000393c8fe960:   00000172d01fa800 0000000000000000
0x000000393c8fe970:   00000172d01fa800 0000000000000000
0x000000393c8fe980:   0000000000000000 000000393c8fecd8
0x000000393c8fe990:   000000393c8fecd8 00007fff5d0f66e7
0x000000393c8fe9a0:   00000172d01fab30 000000393c8feaa0
0x000000393c8fe9b0:   00007fff22423d7f 00000172fd842520
0x000000393c8fe9c0:   0000000000000000 0000000000000000
0x000000393c8fe9d0:   0000000000000000 0000000002000000
0x000000393c8fe9e0:   000000393c8fe8f0 0000000000000000
0x000000393c8fe9f0:   0000000000000000 00000172d865d780
0x000000393c8fea00:   0000000000000000 0000000000000000
0x000000393c8fea10:   0000017200000000 00007fff225f3408
0x000000393c8fea20:   0000000000000000 0000000000000000
0x000000393c8fea30:   000000393c8feca8 0000000000000000
0x000000393c8fea40:   000000393c8fecc0 000000393c8fecb8 

Instructions: (pc=0x00007fff2221ba20)
0x00007fff2221b920:   00 00 48 8b 47 10 48 8b 77 08 48 83 38 00 74 19
0x00007fff2221b930:   48 8b 57 28 48 8b ce e8 24 a4 cd ff 48 8b 4f 10
0x00007fff2221b940:   e8 fb a3 cd ff 48 8b 47 10 48 89 46 10 ba 06 00
0x00007fff2221b950:   00 00 4c 8b 47 18 48 8b cb 4c 89 46 18 4c 8b 47
0x00007fff2221b960:   20 4c 89 46 20 44 8d 42 fe e8 82 5f da ff 48 8b
0x00007fff2221b970:   c5 48 81 c4 a0 00 00 00 41 5e 5f 5e 5d 5b c3 cc
0x00007fff2221b980:   48 89 5c 24 08 48 89 6c 24 10 48 89 74 24 18 48
0x00007fff2221b990:   89 7c 24 20 41 56 48 83 ec 40 8b 81 90 00 00 00
0x00007fff2221b9a0:   48 8d b1 d0 fc ff ff 05 55 21 ff ff 48 8b fa 4c
0x00007fff2221b9b0:   8b f1 83 f8 01 76 0d 48 8b ce 40 b5 01 e8 ee e6
0x00007fff2221b9c0:   35 00 eb 03 40 32 ed 33 db ba 06 00 00 00 40 84
0x00007fff2221b9d0:   ed 48 0f 44 de 48 8b cb e8 43 a7 d5 ff 48 83 7b
0x00007fff2221b9e0:   08 00 48 89 5c 24 20 48 c7 44 24 28 00 00 00 00
0x00007fff2221b9f0:   74 0a 48 8d 4c 24 20 e8 24 46 28 00 40 f6 c7 01
0x00007fff2221ba00:   74 0c 48 8d 4f ff ff 15 8c 53 62 00 eb 09 48 8b
0x00007fff2221ba10:   cf ff 15 79 53 62 00 80 3d d3 b4 6a 00 00 74 15
0x00007fff2221ba20:   8b 40 08 8b 0d ff 2f 64 00 48 d3 e0 48 03 05 ed
0x00007fff2221ba30:   2f 64 00 eb 04 48 8b 40 08 48 8b c8 e8 6f db 12
0x00007fff2221ba40:   00 48 8b d0 49 8b ce e8 74 8e 02 00 48 83 7c 24
0x00007fff2221ba50:   28 00 48 8b e8 74 0a 48 8d 4c 24 20 e8 5f 46 28
0x00007fff2221ba60:   00 48 8b bb f0 00 00 00 48 8b 4f 10 48 8b 77 08
0x00007fff2221ba70:   48 83 39 00 74 19 48 8b 57 28 48 8b ce e8 de a2
0x00007fff2221ba80:   cd ff 48 8b 4f 10 e8 b5 a2 cd ff 48 8b 4f 10 48
0x00007fff2221ba90:   89 4e 10 ba 06 00 00 00 48 8b 47 18 48 8b cb 48
0x00007fff2221baa0:   89 46 18 48 8b 47 20 44 8d 42 fe 48 89 46 20 e8
0x00007fff2221bab0:   3c 5e da ff 48 8b 5c 24 50 48 8b c5 48 8b 6c 24
0x00007fff2221bac0:   58 48 8b 74 24 60 48 8b 7c 24 68 48 83 c4 40 41
0x00007fff2221bad0:   5e c3 cc cc cc cc cc cc cc cc cc cc cc cc cc cc
0x00007fff2221bae0:   48 89 5c 24 08 48 89 6c 24 10 48 89 74 24 18 48
0x00007fff2221baf0:   89 7c 24 20 41 56 48 83 ec 40 8b 81 90 00 00 00
0x00007fff2221bb00:   48 8d b1 d0 fc ff ff 05 55 21 ff ff 4d 8b f0 48
0x00007fff2221bb10:   8b ea 83 f8 01 76 0d 48 8b ce 40 b7 01 e8 8e e5 


Stack slot to memory mapping:
stack at sp + 0 slots: 0x00000172d01fa800 is a thread
stack at sp + 1 slots: 0x00000172d01fab30 points into unknown readable memory: f0 4d 84 22 ff 7f 00 00
stack at sp + 2 slots: 0x00000172d01fa800 is a thread
stack at sp + 3 slots: 0x0 is NULL
stack at sp + 4 slots: 0x00000172d01fa800 is a thread
stack at sp + 5 slots: 0x0 is NULL
stack at sp + 6 slots: 0x0 is NULL
stack at sp + 7 slots: 0x000000393c8fecd8 is pointing into the stack for thread: 0x00000172d01fa800


---------------  P R O C E S S  ---------------

Threads class SMR info:
_java_thread_list=0x0000017286b2abe0, length=15, elements={
0x00000172d01fa800, 0x00000172fd8a0800, 0x00000172fd8a2800, 0x00000172fd8a9000,
0x00000172fd8ab800, 0x00000172fe1d7000, 0x00000172fe1e4000, 0x00000172fe1e2800,
0x00000172fe341000, 0x00000172fe34c800, 0x00000172fe6ad800, 0x00000172fe6ae000,
0x00000172fe6db800, 0x000001728610b000, 0x00000172868a3000
}

Java Threads: ( => current thread )
=>0x00000172d01fa800 JavaThread "main" [_thread_in_vm, id=20184, stack(0x000000393c800000,0x000000393c900000)]
  0x00000172fd8a0800 JavaThread "Reference Handler" daemon [_thread_blocked, id=15900, stack(0x000000393cf00000,0x000000393d000000)]
  0x00000172fd8a2800 JavaThread "Finalizer" daemon [_thread_blocked, id=11964, stack(0x000000393d000000,0x000000393d100000)]
  0x00000172fd8a9000 JavaThread "Signal Dispatcher" daemon [_thread_blocked, id=11644, stack(0x000000393d100000,0x000000393d200000)]
  0x00000172fd8ab800 JavaThread "Attach Listener" daemon [_thread_blocked, id=21376, stack(0x000000393d200000,0x000000393d300000)]
  0x00000172fe1d7000 JavaThread "C2 CompilerThread0" daemon [_thread_blocked, id=6872, stack(0x000000393d300000,0x000000393d400000)]
  0x00000172fe1e4000 JavaThread "C1 CompilerThread0" daemon [_thread_blocked, id=12324, stack(0x000000393d400000,0x000000393d500000)]
  0x00000172fe1e2800 JavaThread "Sweeper thread" daemon [_thread_blocked, id=20252, stack(0x000000393d500000,0x000000393d600000)]
  0x00000172fe341000 JavaThread "Service Thread" daemon [_thread_blocked, id=17740, stack(0x000000393d600000,0x000000393d700000)]
  0x00000172fe34c800 JavaThread "Common-Cleaner" daemon [_thread_blocked, id=20572, stack(0x000000393d800000,0x000000393d900000)]
  0x00000172fe6ad800 JavaThread "Java2D Disposer" daemon [_thread_blocked, id=18012, stack(0x000000393d900000,0x000000393da00000)]
  0x00000172fe6ae000 JavaThread "AWT-Shutdown" [_thread_blocked, id=19672, stack(0x000000393da00000,0x000000393db00000)]
  0x00000172fe6db800 JavaThread "AWT-Windows" daemon [_thread_in_native, id=20776, stack(0x000000393db00000,0x000000393dc00000)]
  0x000001728610b000 JavaThread "C2 CompilerThread1" daemon [_thread_blocked, id=19032, stack(0x000000393de00000,0x000000393df00000)]
  0x00000172868a3000 JavaThread "C2 CompilerThread2" daemon [_thread_blocked, id=18676, stack(0x000000393df00000,0x000000393e000000)]

Other Threads:
  0x00000172fd89f800 VMThread "VM Thread" [stack: 0x000000393ce00000,0x000000393cf00000] [id=16036]
  0x00000172fe346800 WatcherThread [stack: 0x000000393d700000,0x000000393d800000] [id=20768]
  0x00000172d027c000 GCTaskThread "GC Thread#0" [stack: 0x000000393c900000,0x000000393ca00000] [id=16980]
  0x00000172d0295800 ConcurrentGCThread "G1 Main Marker" [stack: 0x000000393ca00000,0x000000393cb00000] [id=13304]
  0x00000172d0299800 ConcurrentGCThread "G1 Conc#0" [stack: 0x000000393cb00000,0x000000393cc00000] [id=19212]
  0x00000172fd837000 ConcurrentGCThread "G1 Refine#0" [stack: 0x000000393cc00000,0x000000393cd00000] [id=20416]
  0x00000172fd838000 ConcurrentGCThread "G1 Young RemSet Sampling" [stack: 0x000000393cd00000,0x000000393ce00000] [id=17736]

Threads with active compile tasks:

VM state:not at safepoint (normal execution)

VM Mutex/Monitor currently owned by a thread: None

Heap address: 0x0000000600c00000, size: 8180 MB, Compressed Oops mode: Zero based, Oop shift amount: 3
Narrow klass base: 0x0000000800000000, Narrow klass shift: 3
Compressed class space size: 1073741824 Address: 0x0000000801190000

Heap:
 garbage-first heap   total 524288K, used 12288K [0x0000000600c00000, 0x0000000800000000)
  region size 2048K, 8 young (16384K), 0 survivors (0K)
 Metaspace       used 13546K, capacity 13945K, committed 14080K, reserved 1060864K
  class space    used 1588K, capacity 1765K, committed 1792K, reserved 1048576K
Heap Regions: E=young(eden), S=young(survivor), O=old, HS=humongous(starts), HC=humongous(continues), CS=collection set, F=free, A=archive, TAMS=top-at-mark-start (previous, next)
|   0|0x0000000600c00000, 0x0000000600c00000, 0x0000000600e00000|  0%| F|  |TAMS 0x0000000600c00000, 0x0000000600c00000| Untracked 
|   1|0x0000000600e00000, 0x0000000600e00000, 0x0000000601000000|  0%| F|  |TAMS 0x0000000600e00000, 0x0000000600e00000| Untracked 
|   2|0x0000000601000000, 0x0000000601000000, 0x0000000601200000|  0%| F|  |TAMS 0x0000000601000000, 0x0000000601000000| Untracked 
|   3|0x0000000601200000, 0x0000000601200000, 0x0000000601400000|  0%| F|  |TAMS 0x0000000601200000, 0x0000000601200000| Untracked 
|   4|0x0000000601400000, 0x0000000601400000, 0x0000000601600000|  0%| F|  |TAMS 0x0000000601400000, 0x0000000601400000| Untracked 
|   5|0x0000000601600000, 0x0000000601600000, 0x0000000601800000|  0%| F|  |TAMS 0x0000000601600000, 0x0000000601600000| Untracked 
|   6|0x0000000601800000, 0x0000000601800000, 0x0000000601a00000|  0%| F|  |TAMS 0x0000000601800000, 0x0000000601800000| Untracked 
|   7|0x0000000601a00000, 0x0000000601a00000, 0x0000000601c00000|  0%| F|  |TAMS 0x0000000601a00000, 0x0000000601a00000| Untracked 
|   8|0x0000000601c00000, 0x0000000601c00000, 0x0000000601e00000|  0%| F|  |TAMS 0x0000000601c00000, 0x0000000601c00000| Untracked 
|   9|0x0000000601e00000, 0x0000000601e00000, 0x0000000602000000|  0%| F|  |TAMS 0x0000000601e00000, 0x0000000601e00000| Untracked 
|  10|0x0000000602000000, 0x0000000602000000, 0x0000000602200000|  0%| F|  |TAMS 0x0000000602000000, 0x0000000602000000| Untracked 
|  11|0x0000000602200000, 0x0000000602200000, 0x0000000602400000|  0%| F|  |TAMS 0x0000000602200000, 0x0000000602200000| Untracked 
|  12|0x0000000602400000, 0x0000000602400000, 0x0000000602600000|  0%| F|  |TAMS 0x0000000602400000, 0x0000000602400000| Untracked 
|  13|0x0000000602600000, 0x0000000602600000, 0x0000000602800000|  0%| F|  |TAMS 0x0000000602600000, 0x0000000602600000| Untracked 
|  14|0x0000000602800000, 0x0000000602800000, 0x0000000602a00000|  0%| F|  |TAMS 0x0000000602800000, 0x0000000602800000| Untracked 
|  15|0x0000000602a00000, 0x0000000602a00000, 0x0000000602c00000|  0%| F|  |TAMS 0x0000000602a00000, 0x0000000602a00000| Untracked 
|  16|0x0000000602c00000, 0x0000000602c00000, 0x0000000602e00000|  0%| F|  |TAMS 0x0000000602c00000, 0x0000000602c00000| Untracked 
|  17|0x0000000602e00000, 0x0000000602e00000, 0x0000000603000000|  0%| F|  |TAMS 0x0000000602e00000, 0x0000000602e00000| Untracked 
|  18|0x0000000603000000, 0x0000000603000000, 0x0000000603200000|  0%| F|  |TAMS 0x0000000603000000, 0x0000000603000000| Untracked 
|  19|0x0000000603200000, 0x0000000603200000, 0x0000000603400000|  0%| F|  |TAMS 0x0000000603200000, 0x0000000603200000| Untracked 
|  20|0x0000000603400000, 0x0000000603400000, 0x0000000603600000|  0%| F|  |TAMS 0x0000000603400000, 0x0000000603400000| Untracked 
|  21|0x0000000603600000, 0x0000000603600000, 0x0000000603800000|  0%| F|  |TAMS 0x0000000603600000, 0x0000000603600000| Untracked 
|  22|0x0000000603800000, 0x0000000603800000, 0x0000000603a00000|  0%| F|  |TAMS 0x0000000603800000, 0x0000000603800000| Untracked 
|  23|0x0000000603a00000, 0x0000000603a00000, 0x0000000603c00000|  0%| F|  |TAMS 0x0000000603a00000, 0x0000000603a00000| Untracked 
|  24|0x0000000603c00000, 0x0000000603c00000, 0x0000000603e00000|  0%| F|  |TAMS 0x0000000603c00000, 0x0000000603c00000| Untracked 
|  25|0x0000000603e00000, 0x0000000603e00000, 0x0000000604000000|  0%| F|  |TAMS 0x0000000603e00000, 0x0000000603e00000| Untracked 
|  26|0x0000000604000000, 0x0000000604000000, 0x0000000604200000|  0%| F|  |TAMS 0x0000000604000000, 0x0000000604000000| Untracked 
|  27|0x0000000604200000, 0x0000000604200000, 0x0000000604400000|  0%| F|  |TAMS 0x0000000604200000, 0x0000000604200000| Untracked 
|  28|0x0000000604400000, 0x0000000604400000, 0x0000000604600000|  0%| F|  |TAMS 0x0000000604400000, 0x0000000604400000| Untracked 
|  29|0x0000000604600000, 0x0000000604600000, 0x0000000604800000|  0%| F|  |TAMS 0x0000000604600000, 0x0000000604600000| Untracked 
|  30|0x0000000604800000, 0x0000000604800000, 0x0000000604a00000|  0%| F|  |TAMS 0x0000000604800000, 0x0000000604800000| Untracked 
|  31|0x0000000604a00000, 0x0000000604a00000, 0x0000000604c00000|  0%| F|  |TAMS 0x0000000604a00000, 0x0000000604a00000| Untracked 
|  32|0x0000000604c00000, 0x0000000604c00000, 0x0000000604e00000|  0%| F|  |TAMS 0x0000000604c00000, 0x0000000604c00000| Untracked 
|  33|0x0000000604e00000, 0x0000000604e00000, 0x0000000605000000|  0%| F|  |TAMS 0x0000000604e00000, 0x0000000604e00000| Untracked 
|  34|0x0000000605000000, 0x0000000605000000, 0x0000000605200000|  0%| F|  |TAMS 0x0000000605000000, 0x0000000605000000| Untracked 
|  35|0x0000000605200000, 0x0000000605200000, 0x0000000605400000|  0%| F|  |TAMS 0x0000000605200000, 0x0000000605200000| Untracked 
|  36|0x0000000605400000, 0x0000000605400000, 0x0000000605600000|  0%| F|  |TAMS 0x0000000605400000, 0x0000000605400000| Untracked 
|  37|0x0000000605600000, 0x0000000605600000, 0x0000000605800000|  0%| F|  |TAMS 0x0000000605600000, 0x0000000605600000| Untracked 
|  38|0x0000000605800000, 0x0000000605800000, 0x0000000605a00000|  0%| F|  |TAMS 0x0000000605800000, 0x0000000605800000| Untracked 
|  39|0x0000000605a00000, 0x0000000605a00000, 0x0000000605c00000|  0%| F|  |TAMS 0x0000000605a00000, 0x0000000605a00000| Untracked 
|  40|0x0000000605c00000, 0x0000000605c00000, 0x0000000605e00000|  0%| F|  |TAMS 0x0000000605c00000, 0x0000000605c00000| Untracked 
|  41|0x0000000605e00000, 0x0000000605e00000, 0x0000000606000000|  0%| F|  |TAMS 0x0000000605e00000, 0x0000000605e00000| Untracked 
|  42|0x0000000606000000, 0x0000000606000000, 0x0000000606200000|  0%| F|  |TAMS 0x0000000606000000, 0x0000000606000000| Untracked 
|  43|0x0000000606200000, 0x0000000606200000, 0x0000000606400000|  0%| F|  |TAMS 0x0000000606200000, 0x0000000606200000| Untracked 
|  44|0x0000000606400000, 0x0000000606400000, 0x0000000606600000|  0%| F|  |TAMS 0x0000000606400000, 0x0000000606400000| Untracked 
|  45|0x0000000606600000, 0x0000000606600000, 0x0000000606800000|  0%| F|  |TAMS 0x0000000606600000, 0x0000000606600000| Untracked 
|  46|0x0000000606800000, 0x0000000606800000, 0x0000000606a00000|  0%| F|  |TAMS 0x0000000606800000, 0x0000000606800000| Untracked 
|  47|0x0000000606a00000, 0x0000000606a00000, 0x0000000606c00000|  0%| F|  |TAMS 0x0000000606a00000, 0x0000000606a00000| Untracked 
|  48|0x0000000606c00000, 0x0000000606c00000, 0x0000000606e00000|  0%| F|  |TAMS 0x0000000606c00000, 0x0000000606c00000| Untracked 
|  49|0x0000000606e00000, 0x0000000606e00000, 0x0000000607000000|  0%| F|  |TAMS 0x0000000606e00000, 0x0000000606e00000| Untracked 
|  50|0x0000000607000000, 0x0000000607000000, 0x0000000607200000|  0%| F|  |TAMS 0x0000000607000000, 0x0000000607000000| Untracked 
|  51|0x0000000607200000, 0x0000000607200000, 0x0000000607400000|  0%| F|  |TAMS 0x0000000607200000, 0x0000000607200000| Untracked 
|  52|0x0000000607400000, 0x0000000607400000, 0x0000000607600000|  0%| F|  |TAMS 0x0000000607400000, 0x0000000607400000| Untracked 
|  53|0x0000000607600000, 0x0000000607600000, 0x0000000607800000|  0%| F|  |TAMS 0x0000000607600000, 0x0000000607600000| Untracked 
|  54|0x0000000607800000, 0x0000000607800000, 0x0000000607a00000|  0%| F|  |TAMS 0x0000000607800000, 0x0000000607800000| Untracked 
|  55|0x0000000607a00000, 0x0000000607a00000, 0x0000000607c00000|  0%| F|  |TAMS 0x0000000607a00000, 0x0000000607a00000| Untracked 
|  56|0x0000000607c00000, 0x0000000607c00000, 0x0000000607e00000|  0%| F|  |TAMS 0x0000000607c00000, 0x0000000607c00000| Untracked 
|  57|0x0000000607e00000, 0x0000000607e00000, 0x0000000608000000|  0%| F|  |TAMS 0x0000000607e00000, 0x0000000607e00000| Untracked 
|  58|0x0000000608000000, 0x0000000608000000, 0x0000000608200000|  0%| F|  |TAMS 0x0000000608000000, 0x0000000608000000| Untracked 
|  59|0x0000000608200000, 0x0000000608200000, 0x0000000608400000|  0%| F|  |TAMS 0x0000000608200000, 0x0000000608200000| Untracked 
|  60|0x0000000608400000, 0x0000000608400000, 0x0000000608600000|  0%| F|  |TAMS 0x0000000608400000, 0x0000000608400000| Untracked 
|  61|0x0000000608600000, 0x0000000608600000, 0x0000000608800000|  0%| F|  |TAMS 0x0000000608600000, 0x0000000608600000| Untracked 
|  62|0x0000000608800000, 0x0000000608800000, 0x0000000608a00000|  0%| F|  |TAMS 0x0000000608800000, 0x0000000608800000| Untracked 
|  63|0x0000000608a00000, 0x0000000608a00000, 0x0000000608c00000|  0%| F|  |TAMS 0x0000000608a00000, 0x0000000608a00000| Untracked 
|  64|0x0000000608c00000, 0x0000000608c00000, 0x0000000608e00000|  0%| F|  |TAMS 0x0000000608c00000, 0x0000000608c00000| Untracked 
|  65|0x0000000608e00000, 0x0000000608e00000, 0x0000000609000000|  0%| F|  |TAMS 0x0000000608e00000, 0x0000000608e00000| Untracked 
|  66|0x0000000609000000, 0x0000000609000000, 0x0000000609200000|  0%| F|  |TAMS 0x0000000609000000, 0x0000000609000000| Untracked 
|  67|0x0000000609200000, 0x0000000609200000, 0x0000000609400000|  0%| F|  |TAMS 0x0000000609200000, 0x0000000609200000| Untracked 
|  68|0x0000000609400000, 0x0000000609400000, 0x0000000609600000|  0%| F|  |TAMS 0x0000000609400000, 0x0000000609400000| Untracked 
|  69|0x0000000609600000, 0x0000000609600000, 0x0000000609800000|  0%| F|  |TAMS 0x0000000609600000, 0x0000000609600000| Untracked 
|  70|0x0000000609800000, 0x0000000609800000, 0x0000000609a00000|  0%| F|  |TAMS 0x0000000609800000, 0x0000000609800000| Untracked 
|  71|0x0000000609a00000, 0x0000000609a00000, 0x0000000609c00000|  0%| F|  |TAMS 0x0000000609a00000, 0x0000000609a00000| Untracked 
|  72|0x0000000609c00000, 0x0000000609c00000, 0x0000000609e00000|  0%| F|  |TAMS 0x0000000609c00000, 0x0000000609c00000| Untracked 
|  73|0x0000000609e00000, 0x0000000609e00000, 0x000000060a000000|  0%| F|  |TAMS 0x0000000609e00000, 0x0000000609e00000| Untracked 
|  74|0x000000060a000000, 0x000000060a000000, 0x000000060a200000|  0%| F|  |TAMS 0x000000060a000000, 0x000000060a000000| Untracked 
|  75|0x000000060a200000, 0x000000060a200000, 0x000000060a400000|  0%| F|  |TAMS 0x000000060a200000, 0x000000060a200000| Untracked 
|  76|0x000000060a400000, 0x000000060a400000, 0x000000060a600000|  0%| F|  |TAMS 0x000000060a400000, 0x000000060a400000| Untracked 
|  77|0x000000060a600000, 0x000000060a600000, 0x000000060a800000|  0%| F|  |TAMS 0x000000060a600000, 0x000000060a600000| Untracked 
|  78|0x000000060a800000, 0x000000060a800000, 0x000000060aa00000|  0%| F|  |TAMS 0x000000060a800000, 0x000000060a800000| Untracked 
|  79|0x000000060aa00000, 0x000000060aa00000, 0x000000060ac00000|  0%| F|  |TAMS 0x000000060aa00000, 0x000000060aa00000| Untracked 
|  80|0x000000060ac00000, 0x000000060ac00000, 0x000000060ae00000|  0%| F|  |TAMS 0x000000060ac00000, 0x000000060ac00000| Untracked 
|  81|0x000000060ae00000, 0x000000060ae00000, 0x000000060b000000|  0%| F|  |TAMS 0x000000060ae00000, 0x000000060ae00000| Untracked 
|  82|0x000000060b000000, 0x000000060b000000, 0x000000060b200000|  0%| F|  |TAMS 0x000000060b000000, 0x000000060b000000| Untracked 
|  83|0x000000060b200000, 0x000000060b200000, 0x000000060b400000|  0%| F|  |TAMS 0x000000060b200000, 0x000000060b200000| Untracked 
|  84|0x000000060b400000, 0x000000060b400000, 0x000000060b600000|  0%| F|  |TAMS 0x000000060b400000, 0x000000060b400000| Untracked 
|  85|0x000000060b600000, 0x000000060b600000, 0x000000060b800000|  0%| F|  |TAMS 0x000000060b600000, 0x000000060b600000| Untracked 
|  86|0x000000060b800000, 0x000000060b800000, 0x000000060ba00000|  0%| F|  |TAMS 0x000000060b800000, 0x000000060b800000| Untracked 
|  87|0x000000060ba00000, 0x000000060ba00000, 0x000000060bc00000|  0%| F|  |TAMS 0x000000060ba00000, 0x000000060ba00000| Untracked 
|  88|0x000000060bc00000, 0x000000060bc00000, 0x000000060be00000|  0%| F|  |TAMS 0x000000060bc00000, 0x000000060bc00000| Untracked 
|  89|0x000000060be00000, 0x000000060be00000, 0x000000060c000000|  0%| F|  |TAMS 0x000000060be00000, 0x000000060be00000| Untracked 
|  90|0x000000060c000000, 0x000000060c000000, 0x000000060c200000|  0%| F|  |TAMS 0x000000060c000000, 0x000000060c000000| Untracked 
|  91|0x000000060c200000, 0x000000060c200000, 0x000000060c400000|  0%| F|  |TAMS 0x000000060c200000, 0x000000060c200000| Untracked 
|  92|0x000000060c400000, 0x000000060c400000, 0x000000060c600000|  0%| F|  |TAMS 0x000000060c400000, 0x000000060c400000| Untracked 
|  93|0x000000060c600000, 0x000000060c600000, 0x000000060c800000|  0%| F|  |TAMS 0x000000060c600000, 0x000000060c600000| Untracked 
|  94|0x000000060c800000, 0x000000060c800000, 0x000000060ca00000|  0%| F|  |TAMS 0x000000060c800000, 0x000000060c800000| Untracked 
|  95|0x000000060ca00000, 0x000000060ca00000, 0x000000060cc00000|  0%| F|  |TAMS 0x000000060ca00000, 0x000000060ca00000| Untracked 
|  96|0x000000060cc00000, 0x000000060cc00000, 0x000000060ce00000|  0%| F|  |TAMS 0x000000060cc00000, 0x000000060cc00000| Untracked 
|  97|0x000000060ce00000, 0x000000060ce00000, 0x000000060d000000|  0%| F|  |TAMS 0x000000060ce00000, 0x000000060ce00000| Untracked 
|  98|0x000000060d000000, 0x000000060d000000, 0x000000060d200000|  0%| F|  |TAMS 0x000000060d000000, 0x000000060d000000| Untracked 
|  99|0x000000060d200000, 0x000000060d200000, 0x000000060d400000|  0%| F|  |TAMS 0x000000060d200000, 0x000000060d200000| Untracked 
| 100|0x000000060d400000, 0x000000060d400000, 0x000000060d600000|  0%| F|  |TAMS 0x000000060d400000, 0x000000060d400000| Untracked 
| 101|0x000000060d600000, 0x000000060d600000, 0x000000060d800000|  0%| F|  |TAMS 0x000000060d600000, 0x000000060d600000| Untracked 
| 102|0x000000060d800000, 0x000000060d800000, 0x000000060da00000|  0%| F|  |TAMS 0x000000060d800000, 0x000000060d800000| Untracked 
| 103|0x000000060da00000, 0x000000060da00000, 0x000000060dc00000|  0%| F|  |TAMS 0x000000060da00000, 0x000000060da00000| Untracked 
| 104|0x000000060dc00000, 0x000000060dc00000, 0x000000060de00000|  0%| F|  |TAMS 0x000000060dc00000, 0x000000060dc00000| Untracked 
| 105|0x000000060de00000, 0x000000060de00000, 0x000000060e000000|  0%| F|  |TAMS 0x000000060de00000, 0x000000060de00000| Untracked 
| 106|0x000000060e000000, 0x000000060e000000, 0x000000060e200000|  0%| F|  |TAMS 0x000000060e000000, 0x000000060e000000| Untracked 
| 107|0x000000060e200000, 0x000000060e200000, 0x000000060e400000|  0%| F|  |TAMS 0x000000060e200000, 0x000000060e200000| Untracked 
| 108|0x000000060e400000, 0x000000060e400000, 0x000000060e600000|  0%| F|  |TAMS 0x000000060e400000, 0x000000060e400000| Untracked 
| 109|0x000000060e600000, 0x000000060e600000, 0x000000060e800000|  0%| F|  |TAMS 0x000000060e600000, 0x000000060e600000| Untracked 
| 110|0x000000060e800000, 0x000000060e800000, 0x000000060ea00000|  0%| F|  |TAMS 0x000000060e800000, 0x000000060e800000| Untracked 
| 111|0x000000060ea00000, 0x000000060ea00000, 0x000000060ec00000|  0%| F|  |TAMS 0x000000060ea00000, 0x000000060ea00000| Untracked 
| 112|0x000000060ec00000, 0x000000060ec00000, 0x000000060ee00000|  0%| F|  |TAMS 0x000000060ec00000, 0x000000060ec00000| Untracked 
| 113|0x000000060ee00000, 0x000000060ee00000, 0x000000060f000000|  0%| F|  |TAMS 0x000000060ee00000, 0x000000060ee00000| Untracked 
| 114|0x000000060f000000, 0x000000060f000000, 0x000000060f200000|  0%| F|  |TAMS 0x000000060f000000, 0x000000060f000000| Untracked 
| 115|0x000000060f200000, 0x000000060f200000, 0x000000060f400000|  0%| F|  |TAMS 0x000000060f200000, 0x000000060f200000| Untracked 
| 116|0x000000060f400000, 0x000000060f400000, 0x000000060f600000|  0%| F|  |TAMS 0x000000060f400000, 0x000000060f400000| Untracked 
| 117|0x000000060f600000, 0x000000060f600000, 0x000000060f800000|  0%| F|  |TAMS 0x000000060f600000, 0x000000060f600000| Untracked 
| 118|0x000000060f800000, 0x000000060f800000, 0x000000060fa00000|  0%| F|  |TAMS 0x000000060f800000, 0x000000060f800000| Untracked 
| 119|0x000000060fa00000, 0x000000060fa00000, 0x000000060fc00000|  0%| F|  |TAMS 0x000000060fa00000, 0x000000060fa00000| Untracked 
| 120|0x000000060fc00000, 0x000000060fc00000, 0x000000060fe00000|  0%| F|  |TAMS 0x000000060fc00000, 0x000000060fc00000| Untracked 
| 121|0x000000060fe00000, 0x000000060fe00000, 0x0000000610000000|  0%| F|  |TAMS 0x000000060fe00000, 0x000000060fe00000| Untracked 
| 122|0x0000000610000000, 0x0000000610000000, 0x0000000610200000|  0%| F|  |TAMS 0x0000000610000000, 0x0000000610000000| Untracked 
| 123|0x0000000610200000, 0x0000000610200000, 0x0000000610400000|  0%| F|  |TAMS 0x0000000610200000, 0x0000000610200000| Untracked 
| 124|0x0000000610400000, 0x0000000610400000, 0x0000000610600000|  0%| F|  |TAMS 0x0000000610400000, 0x0000000610400000| Untracked 
| 125|0x0000000610600000, 0x0000000610600000, 0x0000000610800000|  0%| F|  |TAMS 0x0000000610600000, 0x0000000610600000| Untracked 
| 126|0x0000000610800000, 0x0000000610800000, 0x0000000610a00000|  0%| F|  |TAMS 0x0000000610800000, 0x0000000610800000| Untracked 
| 127|0x0000000610a00000, 0x0000000610a00000, 0x0000000610c00000|  0%| F|  |TAMS 0x0000000610a00000, 0x0000000610a00000| Untracked 
| 128|0x0000000610c00000, 0x0000000610c00000, 0x0000000610e00000|  0%| F|  |TAMS 0x0000000610c00000, 0x0000000610c00000| Untracked 
| 129|0x0000000610e00000, 0x0000000610e00000, 0x0000000611000000|  0%| F|  |TAMS 0x0000000610e00000, 0x0000000610e00000| Untracked 
| 130|0x0000000611000000, 0x0000000611000000, 0x0000000611200000|  0%| F|  |TAMS 0x0000000611000000, 0x0000000611000000| Untracked 
| 131|0x0000000611200000, 0x0000000611200000, 0x0000000611400000|  0%| F|  |TAMS 0x0000000611200000, 0x0000000611200000| Untracked 
| 132|0x0000000611400000, 0x0000000611400000, 0x0000000611600000|  0%| F|  |TAMS 0x0000000611400000, 0x0000000611400000| Untracked 
| 133|0x0000000611600000, 0x0000000611600000, 0x0000000611800000|  0%| F|  |TAMS 0x0000000611600000, 0x0000000611600000| Untracked 
| 134|0x0000000611800000, 0x0000000611800000, 0x0000000611a00000|  0%| F|  |TAMS 0x0000000611800000, 0x0000000611800000| Untracked 
| 135|0x0000000611a00000, 0x0000000611a00000, 0x0000000611c00000|  0%| F|  |TAMS 0x0000000611a00000, 0x0000000611a00000| Untracked 
| 136|0x0000000611c00000, 0x0000000611c00000, 0x0000000611e00000|  0%| F|  |TAMS 0x0000000611c00000, 0x0000000611c00000| Untracked 
| 137|0x0000000611e00000, 0x0000000611e00000, 0x0000000612000000|  0%| F|  |TAMS 0x0000000611e00000, 0x0000000611e00000| Untracked 
| 138|0x0000000612000000, 0x0000000612000000, 0x0000000612200000|  0%| F|  |TAMS 0x0000000612000000, 0x0000000612000000| Untracked 
| 139|0x0000000612200000, 0x0000000612200000, 0x0000000612400000|  0%| F|  |TAMS 0x0000000612200000, 0x0000000612200000| Untracked 
| 140|0x0000000612400000, 0x0000000612400000, 0x0000000612600000|  0%| F|  |TAMS 0x0000000612400000, 0x0000000612400000| Untracked 
| 141|0x0000000612600000, 0x0000000612600000, 0x0000000612800000|  0%| F|  |TAMS 0x0000000612600000, 0x0000000612600000| Untracked 
| 142|0x0000000612800000, 0x0000000612800000, 0x0000000612a00000|  0%| F|  |TAMS 0x0000000612800000, 0x0000000612800000| Untracked 
| 143|0x0000000612a00000, 0x0000000612a00000, 0x0000000612c00000|  0%| F|  |TAMS 0x0000000612a00000, 0x0000000612a00000| Untracked 
| 144|0x0000000612c00000, 0x0000000612c00000, 0x0000000612e00000|  0%| F|  |TAMS 0x0000000612c00000, 0x0000000612c00000| Untracked 
| 145|0x0000000612e00000, 0x0000000612e00000, 0x0000000613000000|  0%| F|  |TAMS 0x0000000612e00000, 0x0000000612e00000| Untracked 
| 146|0x0000000613000000, 0x0000000613000000, 0x0000000613200000|  0%| F|  |TAMS 0x0000000613000000, 0x0000000613000000| Untracked 
| 147|0x0000000613200000, 0x0000000613200000, 0x0000000613400000|  0%| F|  |TAMS 0x0000000613200000, 0x0000000613200000| Untracked 
| 148|0x0000000613400000, 0x0000000613400000, 0x0000000613600000|  0%| F|  |TAMS 0x0000000613400000, 0x0000000613400000| Untracked 
| 149|0x0000000613600000, 0x0000000613600000, 0x0000000613800000|  0%| F|  |TAMS 0x0000000613600000, 0x0000000613600000| Untracked 
| 150|0x0000000613800000, 0x0000000613800000, 0x0000000613a00000|  0%| F|  |TAMS 0x0000000613800000, 0x0000000613800000| Untracked 
| 151|0x0000000613a00000, 0x0000000613a00000, 0x0000000613c00000|  0%| F|  |TAMS 0x0000000613a00000, 0x0000000613a00000| Untracked 
| 152|0x0000000613c00000, 0x0000000613c00000, 0x0000000613e00000|  0%| F|  |TAMS 0x0000000613c00000, 0x0000000613c00000| Untracked 
| 153|0x0000000613e00000, 0x0000000613e00000, 0x0000000614000000|  0%| F|  |TAMS 0x0000000613e00000, 0x0000000613e00000| Untracked 
| 154|0x0000000614000000, 0x0000000614000000, 0x0000000614200000|  0%| F|  |TAMS 0x0000000614000000, 0x0000000614000000| Untracked 
| 155|0x0000000614200000, 0x0000000614200000, 0x0000000614400000|  0%| F|  |TAMS 0x0000000614200000, 0x0000000614200000| Untracked 
| 156|0x0000000614400000, 0x0000000614400000, 0x0000000614600000|  0%| F|  |TAMS 0x0000000614400000, 0x0000000614400000| Untracked 
| 157|0x0000000614600000, 0x0000000614600000, 0x0000000614800000|  0%| F|  |TAMS 0x0000000614600000, 0x0000000614600000| Untracked 
| 158|0x0000000614800000, 0x0000000614800000, 0x0000000614a00000|  0%| F|  |TAMS 0x0000000614800000, 0x0000000614800000| Untracked 
| 159|0x0000000614a00000, 0x0000000614a00000, 0x0000000614c00000|  0%| F|  |TAMS 0x0000000614a00000, 0x0000000614a00000| Untracked 
| 160|0x0000000614c00000, 0x0000000614c00000, 0x0000000614e00000|  0%| F|  |TAMS 0x0000000614c00000, 0x0000000614c00000| Untracked 
| 161|0x0000000614e00000, 0x0000000614e00000, 0x0000000615000000|  0%| F|  |TAMS 0x0000000614e00000, 0x0000000614e00000| Untracked 
| 162|0x0000000615000000, 0x0000000615000000, 0x0000000615200000|  0%| F|  |TAMS 0x0000000615000000, 0x0000000615000000| Untracked 
| 163|0x0000000615200000, 0x0000000615200000, 0x0000000615400000|  0%| F|  |TAMS 0x0000000615200000, 0x0000000615200000| Untracked 
| 164|0x0000000615400000, 0x0000000615400000, 0x0000000615600000|  0%| F|  |TAMS 0x0000000615400000, 0x0000000615400000| Untracked 
| 165|0x0000000615600000, 0x0000000615600000, 0x0000000615800000|  0%| F|  |TAMS 0x0000000615600000, 0x0000000615600000| Untracked 
| 166|0x0000000615800000, 0x0000000615800000, 0x0000000615a00000|  0%| F|  |TAMS 0x0000000615800000, 0x0000000615800000| Untracked 
| 167|0x0000000615a00000, 0x0000000615a00000, 0x0000000615c00000|  0%| F|  |TAMS 0x0000000615a00000, 0x0000000615a00000| Untracked 
| 168|0x0000000615c00000, 0x0000000615c00000, 0x0000000615e00000|  0%| F|  |TAMS 0x0000000615c00000, 0x0000000615c00000| Untracked 
| 169|0x0000000615e00000, 0x0000000615e00000, 0x0000000616000000|  0%| F|  |TAMS 0x0000000615e00000, 0x0000000615e00000| Untracked 
| 170|0x0000000616000000, 0x0000000616000000, 0x0000000616200000|  0%| F|  |TAMS 0x0000000616000000, 0x0000000616000000| Untracked 
| 171|0x0000000616200000, 0x0000000616200000, 0x0000000616400000|  0%| F|  |TAMS 0x0000000616200000, 0x0000000616200000| Untracked 
| 172|0x0000000616400000, 0x0000000616400000, 0x0000000616600000|  0%| F|  |TAMS 0x0000000616400000, 0x0000000616400000| Untracked 
| 173|0x0000000616600000, 0x0000000616600000, 0x0000000616800000|  0%| F|  |TAMS 0x0000000616600000, 0x0000000616600000| Untracked 
| 174|0x0000000616800000, 0x0000000616800000, 0x0000000616a00000|  0%| F|  |TAMS 0x0000000616800000, 0x0000000616800000| Untracked 
| 175|0x0000000616a00000, 0x0000000616a00000, 0x0000000616c00000|  0%| F|  |TAMS 0x0000000616a00000, 0x0000000616a00000| Untracked 
| 176|0x0000000616c00000, 0x0000000616c00000, 0x0000000616e00000|  0%| F|  |TAMS 0x0000000616c00000, 0x0000000616c00000| Untracked 
| 177|0x0000000616e00000, 0x0000000616e00000, 0x0000000617000000|  0%| F|  |TAMS 0x0000000616e00000, 0x0000000616e00000| Untracked 
| 178|0x0000000617000000, 0x0000000617000000, 0x0000000617200000|  0%| F|  |TAMS 0x0000000617000000, 0x0000000617000000| Untracked 
| 179|0x0000000617200000, 0x0000000617200000, 0x0000000617400000|  0%| F|  |TAMS 0x0000000617200000, 0x0000000617200000| Untracked 
| 180|0x0000000617400000, 0x0000000617400000, 0x0000000617600000|  0%| F|  |TAMS 0x0000000617400000, 0x0000000617400000| Untracked 
| 181|0x0000000617600000, 0x0000000617600000, 0x0000000617800000|  0%| F|  |TAMS 0x0000000617600000, 0x0000000617600000| Untracked 
| 182|0x0000000617800000, 0x0000000617800000, 0x0000000617a00000|  0%| F|  |TAMS 0x0000000617800000, 0x0000000617800000| Untracked 
| 183|0x0000000617a00000, 0x0000000617a00000, 0x0000000617c00000|  0%| F|  |TAMS 0x0000000617a00000, 0x0000000617a00000| Untracked 
| 184|0x0000000617c00000, 0x0000000617c00000, 0x0000000617e00000|  0%| F|  |TAMS 0x0000000617c00000, 0x0000000617c00000| Untracked 
| 185|0x0000000617e00000, 0x0000000617e00000, 0x0000000618000000|  0%| F|  |TAMS 0x0000000617e00000, 0x0000000617e00000| Untracked 
| 186|0x0000000618000000, 0x0000000618000000, 0x0000000618200000|  0%| F|  |TAMS 0x0000000618000000, 0x0000000618000000| Untracked 
| 187|0x0000000618200000, 0x0000000618200000, 0x0000000618400000|  0%| F|  |TAMS 0x0000000618200000, 0x0000000618200000| Untracked 
| 188|0x0000000618400000, 0x0000000618400000, 0x0000000618600000|  0%| F|  |TAMS 0x0000000618400000, 0x0000000618400000| Untracked 
| 189|0x0000000618600000, 0x0000000618600000, 0x0000000618800000|  0%| F|  |TAMS 0x0000000618600000, 0x0000000618600000| Untracked 
| 190|0x0000000618800000, 0x0000000618800000, 0x0000000618a00000|  0%| F|  |TAMS 0x0000000618800000, 0x0000000618800000| Untracked 
| 191|0x0000000618a00000, 0x0000000618a00000, 0x0000000618c00000|  0%| F|  |TAMS 0x0000000618a00000, 0x0000000618a00000| Untracked 
| 192|0x0000000618c00000, 0x0000000618c00000, 0x0000000618e00000|  0%| F|  |TAMS 0x0000000618c00000, 0x0000000618c00000| Untracked 
| 193|0x0000000618e00000, 0x0000000618e00000, 0x0000000619000000|  0%| F|  |TAMS 0x0000000618e00000, 0x0000000618e00000| Untracked 
| 194|0x0000000619000000, 0x0000000619000000, 0x0000000619200000|  0%| F|  |TAMS 0x0000000619000000, 0x0000000619000000| Untracked 
| 195|0x0000000619200000, 0x0000000619200000, 0x0000000619400000|  0%| F|  |TAMS 0x0000000619200000, 0x0000000619200000| Untracked 
| 196|0x0000000619400000, 0x0000000619400000, 0x0000000619600000|  0%| F|  |TAMS 0x0000000619400000, 0x0000000619400000| Untracked 
| 197|0x0000000619600000, 0x0000000619600000, 0x0000000619800000|  0%| F|  |TAMS 0x0000000619600000, 0x0000000619600000| Untracked 
| 198|0x0000000619800000, 0x0000000619800000, 0x0000000619a00000|  0%| F|  |TAMS 0x0000000619800000, 0x0000000619800000| Untracked 
| 199|0x0000000619a00000, 0x0000000619a00000, 0x0000000619c00000|  0%| F|  |TAMS 0x0000000619a00000, 0x0000000619a00000| Untracked 
| 200|0x0000000619c00000, 0x0000000619c00000, 0x0000000619e00000|  0%| F|  |TAMS 0x0000000619c00000, 0x0000000619c00000| Untracked 
| 201|0x0000000619e00000, 0x0000000619e00000, 0x000000061a000000|  0%| F|  |TAMS 0x0000000619e00000, 0x0000000619e00000| Untracked 
| 202|0x000000061a000000, 0x000000061a000000, 0x000000061a200000|  0%| F|  |TAMS 0x000000061a000000, 0x000000061a000000| Untracked 
| 203|0x000000061a200000, 0x000000061a200000, 0x000000061a400000|  0%| F|  |TAMS 0x000000061a200000, 0x000000061a200000| Untracked 
| 204|0x000000061a400000, 0x000000061a400000, 0x000000061a600000|  0%| F|  |TAMS 0x000000061a400000, 0x000000061a400000| Untracked 
| 205|0x000000061a600000, 0x000000061a600000, 0x000000061a800000|  0%| F|  |TAMS 0x000000061a600000, 0x000000061a600000| Untracked 
| 206|0x000000061a800000, 0x000000061a800000, 0x000000061aa00000|  0%| F|  |TAMS 0x000000061a800000, 0x000000061a800000| Untracked 
| 207|0x000000061aa00000, 0x000000061aa00000, 0x000000061ac00000|  0%| F|  |TAMS 0x000000061aa00000, 0x000000061aa00000| Untracked 
| 208|0x000000061ac00000, 0x000000061ac00000, 0x000000061ae00000|  0%| F|  |TAMS 0x000000061ac00000, 0x000000061ac00000| Untracked 
| 209|0x000000061ae00000, 0x000000061ae00000, 0x000000061b000000|  0%| F|  |TAMS 0x000000061ae00000, 0x000000061ae00000| Untracked 
| 210|0x000000061b000000, 0x000000061b000000, 0x000000061b200000|  0%| F|  |TAMS 0x000000061b000000, 0x000000061b000000| Untracked 
| 211|0x000000061b200000, 0x000000061b200000, 0x000000061b400000|  0%| F|  |TAMS 0x000000061b200000, 0x000000061b200000| Untracked 
| 212|0x000000061b400000, 0x000000061b400000, 0x000000061b600000|  0%| F|  |TAMS 0x000000061b400000, 0x000000061b400000| Untracked 
| 213|0x000000061b600000, 0x000000061b600000, 0x000000061b800000|  0%| F|  |TAMS 0x000000061b600000, 0x000000061b600000| Untracked 
| 214|0x000000061b800000, 0x000000061b800000, 0x000000061ba00000|  0%| F|  |TAMS 0x000000061b800000, 0x000000061b800000| Untracked 
| 215|0x000000061ba00000, 0x000000061ba00000, 0x000000061bc00000|  0%| F|  |TAMS 0x000000061ba00000, 0x000000061ba00000| Untracked 
| 216|0x000000061bc00000, 0x000000061bc00000, 0x000000061be00000|  0%| F|  |TAMS 0x000000061bc00000, 0x000000061bc00000| Untracked 
| 217|0x000000061be00000, 0x000000061be00000, 0x000000061c000000|  0%| F|  |TAMS 0x000000061be00000, 0x000000061be00000| Untracked 
| 218|0x000000061c000000, 0x000000061c000000, 0x000000061c200000|  0%| F|  |TAMS 0x000000061c000000, 0x000000061c000000| Untracked 
| 219|0x000000061c200000, 0x000000061c200000, 0x000000061c400000|  0%| F|  |TAMS 0x000000061c200000, 0x000000061c200000| Untracked 
| 220|0x000000061c400000, 0x000000061c400000, 0x000000061c600000|  0%| F|  |TAMS 0x000000061c400000, 0x000000061c400000| Untracked 
| 221|0x000000061c600000, 0x000000061c600000, 0x000000061c800000|  0%| F|  |TAMS 0x000000061c600000, 0x000000061c600000| Untracked 
| 222|0x000000061c800000, 0x000000061c800000, 0x000000061ca00000|  0%| F|  |TAMS 0x000000061c800000, 0x000000061c800000| Untracked 
| 223|0x000000061ca00000, 0x000000061ca00000, 0x000000061cc00000|  0%| F|  |TAMS 0x000000061ca00000, 0x000000061ca00000| Untracked 
| 224|0x000000061cc00000, 0x000000061cc00000, 0x000000061ce00000|  0%| F|  |TAMS 0x000000061cc00000, 0x000000061cc00000| Untracked 
| 225|0x000000061ce00000, 0x000000061ce00000, 0x000000061d000000|  0%| F|  |TAMS 0x000000061ce00000, 0x000000061ce00000| Untracked 
| 226|0x000000061d000000, 0x000000061d000000, 0x000000061d200000|  0%| F|  |TAMS 0x000000061d000000, 0x000000061d000000| Untracked 
| 227|0x000000061d200000, 0x000000061d200000, 0x000000061d400000|  0%| F|  |TAMS 0x000000061d200000, 0x000000061d200000| Untracked 
| 228|0x000000061d400000, 0x000000061d400000, 0x000000061d600000|  0%| F|  |TAMS 0x000000061d400000, 0x000000061d400000| Untracked 
| 229|0x000000061d600000, 0x000000061d600000, 0x000000061d800000|  0%| F|  |TAMS 0x000000061d600000, 0x000000061d600000| Untracked 
| 230|0x000000061d800000, 0x000000061d800000, 0x000000061da00000|  0%| F|  |TAMS 0x000000061d800000, 0x000000061d800000| Untracked 
| 231|0x000000061da00000, 0x000000061da00000, 0x000000061dc00000|  0%| F|  |TAMS 0x000000061da00000, 0x000000061da00000| Untracked 
| 232|0x000000061dc00000, 0x000000061dc00000, 0x000000061de00000|  0%| F|  |TAMS 0x000000061dc00000, 0x000000061dc00000| Untracked 
| 233|0x000000061de00000, 0x000000061de00000, 0x000000061e000000|  0%| F|  |TAMS 0x000000061de00000, 0x000000061de00000| Untracked 
| 234|0x000000061e000000, 0x000000061e000000, 0x000000061e200000|  0%| F|  |TAMS 0x000000061e000000, 0x000000061e000000| Untracked 
| 235|0x000000061e200000, 0x000000061e200000, 0x000000061e400000|  0%| F|  |TAMS 0x000000061e200000, 0x000000061e200000| Untracked 
| 236|0x000000061e400000, 0x000000061e400000, 0x000000061e600000|  0%| F|  |TAMS 0x000000061e400000, 0x000000061e400000| Untracked 
| 237|0x000000061e600000, 0x000000061e600000, 0x000000061e800000|  0%| F|  |TAMS 0x000000061e600000, 0x000000061e600000| Untracked 
| 238|0x000000061e800000, 0x000000061e800000, 0x000000061ea00000|  0%| F|  |TAMS 0x000000061e800000, 0x000000061e800000| Untracked 
| 239|0x000000061ea00000, 0x000000061ea00000, 0x000000061ec00000|  0%| F|  |TAMS 0x000000061ea00000, 0x000000061ea00000| Untracked 
| 240|0x000000061ec00000, 0x000000061ec00000, 0x000000061ee00000|  0%| F|  |TAMS 0x000000061ec00000, 0x000000061ec00000| Untracked 
| 241|0x000000061ee00000, 0x000000061ee00000, 0x000000061f000000|  0%| F|  |TAMS 0x000000061ee00000, 0x000000061ee00000| Untracked 
| 242|0x000000061f000000, 0x000000061f000000, 0x000000061f200000|  0%| F|  |TAMS 0x000000061f000000, 0x000000061f000000| Untracked 
| 243|0x000000061f200000, 0x000000061f200000, 0x000000061f400000|  0%| F|  |TAMS 0x000000061f200000, 0x000000061f200000| Untracked 
| 244|0x000000061f400000, 0x000000061f400000, 0x000000061f600000|  0%| F|  |TAMS 0x000000061f400000, 0x000000061f400000| Untracked 
| 245|0x000000061f600000, 0x000000061f600000, 0x000000061f800000|  0%| F|  |TAMS 0x000000061f600000, 0x000000061f600000| Untracked 
| 246|0x000000061f800000, 0x000000061f800000, 0x000000061fa00000|  0%| F|  |TAMS 0x000000061f800000, 0x000000061f800000| Untracked 
| 247|0x000000061fa00000, 0x000000061fa00000, 0x000000061fc00000|  0%| F|  |TAMS 0x000000061fa00000, 0x000000061fa00000| Untracked 
| 248|0x000000061fc00000, 0x000000061fc20010, 0x000000061fe00000|  6%| E|  |TAMS 0x000000061fc00000, 0x000000061fc00000| Complete 
| 249|0x000000061fe00000, 0x000000061fff7d70, 0x0000000620000000| 98%| E|  |TAMS 0x000000061fe00000, 0x000000061fe00000| Complete 
| 250|0x0000000620000000, 0x0000000620200000, 0x0000000620200000|100%| E|CS|TAMS 0x0000000620000000, 0x0000000620000000| Complete 
| 251|0x0000000620200000, 0x0000000620400000, 0x0000000620400000|100%| E|CS|TAMS 0x0000000620200000, 0x0000000620200000| Complete 
| 252|0x0000000620400000, 0x0000000620600000, 0x0000000620600000|100%| E|CS|TAMS 0x0000000620400000, 0x0000000620400000| Complete 
| 253|0x0000000620600000, 0x0000000620800000, 0x0000000620800000|100%| E|CS|TAMS 0x0000000620600000, 0x0000000620600000| Complete 
| 254|0x0000000620800000, 0x0000000620a00000, 0x0000000620a00000|100%| E|CS|TAMS 0x0000000620800000, 0x0000000620800000| Complete 
| 255|0x0000000620a00000, 0x0000000620c00000, 0x0000000620c00000|100%| E|CS|TAMS 0x0000000620a00000, 0x0000000620a00000| Complete 

Card table byte_map: [0x00000172e8b60000,0x00000172e9b60000] _byte_map_base: 0x00000172e5b5a000

Marking Bits (Prev, Next): (CMBitMap*) 0x00000172d027cb38, (CMBitMap*) 0x00000172d027cb78
 Prev Bits: [0x00000172eab60000, 0x00000172f2b30000)
 Next Bits: [0x00000172f2b30000, 0x00000172fab00000)

Polling page: 0x00000172ce1b0000

Metaspace:

Usage:
  Non-class:     11.89 MB capacity,    11.68 MB ( 98%) used,   186.98 KB (  2%) free+waste,    35.06 KB ( <1%) overhead. 
      Class:      1.72 MB capacity,     1.55 MB ( 90%) used,   156.76 KB (  9%) free+waste,    19.94 KB (  1%) overhead. 
       Both:     13.62 MB capacity,    13.23 MB ( 97%) used,   343.73 KB (  2%) free+waste,    55.00 KB ( <1%) overhead. 

Virtual space:
  Non-class space:       12.00 MB reserved,      12.00 MB (100%) committed 
      Class space:        1.00 GB reserved,       1.75 MB ( <1%) committed 
             Both:        1.01 GB reserved,      13.75 MB (  1%) committed 

Chunk freelists:
   Non-Class:  5.50 KB
       Class:  3.38 KB
        Both:  8.88 KB

CodeHeap 'non-profiled nmethods': size=120000Kb used=414Kb max_used=414Kb free=119585Kb
 bounds [0x00000172e00d0000, 0x00000172e0340000, 0x00000172e7600000]
CodeHeap 'profiled nmethods': size=120000Kb used=2330Kb max_used=2330Kb free=117669Kb
 bounds [0x00000172d8ba0000, 0x00000172d8e10000, 0x00000172e00d0000]
CodeHeap 'non-nmethods': size=5760Kb used=1217Kb max_used=1234Kb free=4542Kb
 bounds [0x00000172d8600000, 0x00000172d8870000, 0x00000172d8ba0000]
 total_blobs=2023 nmethods=1203 adapters=481
 compilation: enabled
              stopped_count=0, restarted_count=0
 full_count=0

Compilation events (10 events):
Event: 0.848 Thread 0x00000172fe1e4000 1199       3       com.sun.crypto.provider.AESCrypt::mul4 (181 bytes)
Event: 0.848 Thread 0x00000172fe1e4000 nmethod 1199 0x00000172d8de2e90 code [0x00000172d8de3100, 0x00000172d8de3cf8]
Event: 0.853 Thread 0x00000172fe1e4000 1200       3       java.lang.reflect.Constructor::newInstanceWithCaller (75 bytes)
Event: 0.853 Thread 0x00000172fe1e4000 nmethod 1200 0x00000172d8de4290 code [0x00000172d8de44a0, 0x00000172d8de4950]
Event: 0.853 Thread 0x00000172fe1e4000 1201       3       java.util.ArrayList::<init> (61 bytes)
Event: 0.854 Thread 0x00000172fe1e4000 nmethod 1201 0x00000172d8de4b10 code [0x00000172d8de4dc0, 0x00000172d8de5a00]
Event: 0.854 Thread 0x00000172fe1e4000 1203       3       jdk.internal.reflect.DelegatingConstructorAccessorImpl::newInstance (9 bytes)
Event: 0.854 Thread 0x00000172fe1e4000 nmethod 1203 0x00000172d8de5d90 code [0x00000172d8de5f60, 0x00000172d8de61b0]
Event: 0.854 Thread 0x00000172fe1e4000 1204       3       java.nio.HeapByteBuffer::get (14 bytes)
Event: 0.854 Thread 0x00000172fe1e4000 nmethod 1204 0x00000172d8de6290 code [0x00000172d8de6480, 0x00000172d8de67d0]

GC Heap History (0 events):
No events

Deoptimization events (10 events):
Event: 0.086 Thread 0x00000172d01fa800 Uncommon trap: reason=unstable_if action=reinterpret pc=0x00000172e00d4c48 method=java.lang.String.hashCode()I @ 14 c2
Event: 0.559 Thread 0x00000172d01fa800 Uncommon trap: reason=unstable_if action=reinterpret pc=0x00000172e00f92b8 method=java.util.HashMap.putVal(ILjava/lang/Object;Ljava/lang/Object;ZZ)Ljava/lang/Object; @ 206 c2
Event: 0.559 Thread 0x00000172d01fa800 Uncommon trap: reason=unstable_if action=reinterpret pc=0x00000172e00fb3f0 method=java.util.HashMap.putVal(ILjava/lang/Object;Ljava/lang/Object;ZZ)Ljava/lang/Object; @ 206 c2
Event: 0.571 Thread 0x00000172d01fa800 Uncommon trap: reason=unstable_if action=reinterpret pc=0x00000172e0113960 method=jdk.internal.org.objectweb.asm.Frame.execute(IILjdk/internal/org/objectweb/asm/Symbol;Ljdk/internal/org/objectweb/asm/SymbolTable;)V @ 1 c2
Event: 0.778 Thread 0x00000172d01fa800 Uncommon trap: reason=unstable_if action=reinterpret pc=0x00000172e0120efc method=java.lang.String.equalsIgnoreCase(Ljava/lang/String;)Z @ 10 c2
Event: 0.795 Thread 0x00000172d01fa800 Uncommon trap: reason=unstable_if action=reinterpret pc=0x00000172e0122834 method=java.util.regex.Pattern$SliceI.match(Ljava/util/regex/Matcher;ILjava/lang/CharSequence;)Z @ 29 c2
Event: 0.832 Thread 0x00000172d01fa800 Uncommon trap: reason=class_check action=maybe_recompile pc=0x00000172e0130db0 method=sun.security.util.math.intpoly.IntegerPolynomial$MutableElement.setValue(Lsun/security/util/math/IntegerModuloP;)Lsun/security/util/math/intpoly/IntegerPolynomial$Mutabl
Event: 0.832 Thread 0x00000172d01fa800 Uncommon trap: reason=class_check action=maybe_recompile pc=0x00000172e0130db0 method=sun.security.util.math.intpoly.IntegerPolynomial$MutableElement.setValue(Lsun/security/util/math/IntegerModuloP;)Lsun/security/util/math/intpoly/IntegerPolynomial$Mutabl
Event: 0.832 Thread 0x00000172d01fa800 Uncommon trap: reason=class_check action=maybe_recompile pc=0x00000172e0130db0 method=sun.security.util.math.intpoly.IntegerPolynomial$MutableElement.setValue(Lsun/security/util/math/IntegerModuloP;)Lsun/security/util/math/intpoly/IntegerPolynomial$Mutabl
Event: 0.832 Thread 0x00000172d01fa800 Uncommon trap: reason=class_check action=maybe_recompile pc=0x00000172e0130db0 method=sun.security.util.math.intpoly.IntegerPolynomial$MutableElement.setValue(Lsun/security/util/math/IntegerModuloP;)Lsun/security/util/math/intpoly/IntegerPolynomial$Mutabl

Classes redefined (0 events):
No events

Internal exceptions (10 events):
Event: 0.417 Thread 0x00000172d01fa800 Exception <a 'java/lang/ClassNotFoundException'{0x0000000620473090}: net/miginfocom/layout/BoundSizeCustomizer> (0x0000000620473090) thrown at [t:/workspace/open/src/hotspot/share/classfile/systemDictionary.cpp, line 235]
Event: 0.571 Thread 0x00000172d01fa800 Exception <a 'java/lang/NoSuchMethodError'{0x000000062004c950}: java.lang.invoke.DirectMethodHandle$Holder.invokeStaticInit(Ljava/lang/Object;Ljava/lang/Object;Ljava/lang/Object;Ljava/lang/Object;)I> (0x000000062004c950) thrown at [t:/workspace/open/src/h
Event: 0.572 Thread 0x00000172d01fa800 Exception <a 'java/lang/IncompatibleClassChangeError'{0x00000006200554b0}: Found class java.lang.Object, but interface was expected> (0x00000006200554b0) thrown at [t:/workspace/open/src/hotspot/share/interpreter/linkResolver.cpp, line 843]
Event: 0.572 Thread 0x00000172d01fa800 Exception <a 'java/lang/NoSuchMethodError'{0x0000000620058368}: java.lang.invoke.DirectMethodHandle$Holder.invokeStaticInit(Ljava/lang/Object;Ljava/lang/Object;)V> (0x0000000620058368) thrown at [t:/workspace/open/src/hotspot/share/interpreter/linkResolve
Event: 0.573 Thread 0x00000172d01fa800 Exception <a 'java/lang/NoSuchMethodError'{0x000000062005d610}: java.lang.invoke.DirectMethodHandle$Holder.invokeStaticInit(Ljava/lang/Object;Ljava/lang/Object;)I> (0x000000062005d610) thrown at [t:/workspace/open/src/hotspot/share/interpreter/linkResolve
Event: 0.579 Thread 0x00000172d01fa800 Exception <a 'java/lang/NoSuchMethodError'{0x000000062008b040}: java.lang.invoke.DirectMethodHandle$Holder.invokeStaticInit(Ljava/lang/Object;IIII)Ljava/lang/Object;> (0x000000062008b040) thrown at [t:/workspace/open/src/hotspot/share/interpreter/linkReso
Event: 0.580 Thread 0x00000172d01fa800 Exception <a 'sun/nio/fs/WindowsException'{0x0000000620090d28}> (0x0000000620090d28) thrown at [t:/workspace/open/src/hotspot/share/prims/jni.cpp, line 615]
Event: 0.581 Thread 0x00000172d01fa800 Exception <a 'java/lang/NoSuchMethodError'{0x0000000620097fb0}: java.lang.invoke.DirectMethodHandle$Holder.invokeSpecialIFC(Ljava/lang/Object;Ljava/lang/Object;I)I> (0x0000000620097fb0) thrown at [t:/workspace/open/src/hotspot/share/interpreter/linkResolv
Event: 0.775 Thread 0x00000172d01fa800 Exception <a 'java/lang/NoSuchMethodError'{0x000000061fe239c0}: java.lang.invoke.DirectMethodHandle$Holder.invokeStaticInit(Ljava/lang/Object;Ljava/lang/Object;IIII)Ljava/lang/Object;> (0x000000061fe239c0) thrown at [t:/workspace/open/src/hotspot/share/in
Event: 0.778 Thread 0x00000172d01fa800 Implicit null exception at 0x00000172e0120e25 to 0x00000172e0120eea

Events (10 events):
Event: 0.853 loading class sun/security/ssl/SSLCipher$T10BlockReadCipherGenerator$BlockReadCipher
Event: 0.853 loading class sun/security/ssl/SSLCipher$T10BlockReadCipherGenerator$BlockReadCipher done
Event: 0.854 loading class jdk/internal/event/TLSHandshakeEvent
Event: 0.854 loading class jdk/internal/event/TLSHandshakeEvent done
Event: 0.854 loading class javax/net/ssl/SSLEngineResult$HandshakeStatus
Event: 0.854 loading class javax/net/ssl/SSLEngineResult$HandshakeStatus done
Event: 0.855 loading class com/microsoft/sqlserver/jdbc/AuthenticationJNI
Event: 0.855 loading class com/microsoft/sqlserver/jdbc/AuthenticationJNI done
Event: 0.865 loading class java/net/InetAddress$CachedLocalHost
Event: 0.866 loading class java/net/InetAddress$CachedLocalHost done


Dynamic libraries:
0x00007ff62de80000 - 0x00007ff62de8f000 	C:\Program Files\Java\jdk-12.0.2\bin\java.exe
0x00007fff98300000 - 0x00007fff984f0000 	C:\WINDOWS\SYSTEM32\ntdll.dll
0x00007fff963b0000 - 0x00007fff96462000 	C:\WINDOWS\System32\KERNEL32.DLL
0x00007fff95290000 - 0x00007fff95534000 	C:\WINDOWS\System32\KERNELBASE.dll
0x00007fff95ff0000 - 0x00007fff960ea000 	C:\WINDOWS\System32\ucrtbase.dll
0x00007fff8b060000 - 0x00007fff8b078000 	C:\Program Files\Java\jdk-12.0.2\bin\jli.dll
0x00007fff70310000 - 0x00007fff70326000 	C:\Program Files\Java\jdk-12.0.2\bin\VCRUNTIME140.dll
0x00007fff96e80000 - 0x00007fff96f23000 	C:\WINDOWS\System32\ADVAPI32.dll
0x00007fff97870000 - 0x00007fff9790e000 	C:\WINDOWS\System32\msvcrt.dll
0x00007fff97f40000 - 0x00007fff97fd7000 	C:\WINDOWS\System32\sechost.dll
0x00007fff97a50000 - 0x00007fff97b70000 	C:\WINDOWS\System32\RPCRT4.dll
0x00007fff96ce0000 - 0x00007fff96e74000 	C:\WINDOWS\System32\USER32.dll
0x00007fff864c0000 - 0x00007fff86744000 	C:\WINDOWS\WinSxS\amd64_microsoft.windows.common-controls_6595b64144ccf1df_6.0.18362.836_none_e6c4b943130f18ed\COMCTL32.dll
0x00007fff95820000 - 0x00007fff95841000 	C:\WINDOWS\System32\win32u.dll
0x00007fff97c00000 - 0x00007fff97f36000 	C:\WINDOWS\System32\combase.dll
0x00007fff96990000 - 0x00007fff969b6000 	C:\WINDOWS\System32\GDI32.dll
0x00007fff95570000 - 0x00007fff95704000 	C:\WINDOWS\System32\gdi32full.dll
0x00007fff960f0000 - 0x00007fff96170000 	C:\WINDOWS\System32\bcryptPrimitives.dll
0x00007fff961c0000 - 0x00007fff9625e000 	C:\WINDOWS\System32\msvcp_win.dll
0x00007fff8f9a0000 - 0x00007fff8f9aa000 	C:\WINDOWS\SYSTEM32\VERSION.dll
0x00007fff97150000 - 0x00007fff9717e000 	C:\WINDOWS\System32\IMM32.DLL
0x00007fff51c70000 - 0x00007fff51d1a000 	C:\Program Files\Java\jdk-12.0.2\bin\msvcp140.dll
0x00007fff21e30000 - 0x00007fff229a7000 	C:\Program Files\Java\jdk-12.0.2\bin\server\jvm.dll
0x00007fff969c0000 - 0x00007fff969c8000 	C:\WINDOWS\System32\PSAPI.DLL
0x00007fff7fdc0000 - 0x00007fff7fdc9000 	C:\WINDOWS\SYSTEM32\WSOCK32.dll
0x00007fff91e70000 - 0x00007fff91e94000 	C:\WINDOWS\SYSTEM32\WINMM.dll
0x00007fff96f30000 - 0x00007fff96f9f000 	C:\WINDOWS\System32\WS2_32.dll
0x00007fff91e40000 - 0x00007fff91e6d000 	C:\WINDOWS\SYSTEM32\WINMMBASE.dll
0x00007fff96170000 - 0x00007fff961ba000 	C:\WINDOWS\System32\cfgmgr32.dll
0x00007fff95240000 - 0x00007fff95251000 	C:\WINDOWS\System32\kernel.appcore.dll
0x00007fff633d0000 - 0x00007fff633e1000 	C:\Program Files\Java\jdk-12.0.2\bin\verify.dll
0x00007fff72dd0000 - 0x00007fff72fc4000 	C:\WINDOWS\SYSTEM32\DBGHELP.DLL
0x00007fff72da0000 - 0x00007fff72dca000 	C:\WINDOWS\SYSTEM32\dbgcore.DLL
0x00007fff702e0000 - 0x00007fff70306000 	C:\Program Files\Java\jdk-12.0.2\bin\java.dll
0x00007fff633b0000 - 0x00007fff633c7000 	C:\Program Files\Java\jdk-12.0.2\bin\zip.dll
0x00007fff8b7b0000 - 0x00007fff8b7ba000 	C:\Program Files\Java\jdk-12.0.2\bin\jimage.dll
0x00007fff97180000 - 0x00007fff97864000 	C:\WINDOWS\System32\SHELL32.dll
0x00007fff981a0000 - 0x00007fff98249000 	C:\WINDOWS\System32\shcore.dll
0x00007fff95870000 - 0x00007fff95fee000 	C:\WINDOWS\System32\windows.storage.dll
0x00007fff95260000 - 0x00007fff95283000 	C:\WINDOWS\System32\profapi.dll
0x00007fff951d0000 - 0x00007fff9521a000 	C:\WINDOWS\System32\powrprof.dll
0x00007fff951c0000 - 0x00007fff951d0000 	C:\WINDOWS\System32\UMPDC.dll
0x00007fff97910000 - 0x00007fff97962000 	C:\WINDOWS\System32\shlwapi.dll
0x00007fff95850000 - 0x00007fff95867000 	C:\WINDOWS\System32\cryptsp.dll
0x00007fff632d0000 - 0x00007fff632e9000 	C:\Program Files\Java\jdk-12.0.2\bin\net.dll
0x00007fff8f7a0000 - 0x00007fff8f890000 	C:\WINDOWS\SYSTEM32\WINHTTP.dll
0x00007fff89230000 - 0x00007fff89406000 	C:\WINDOWS\SYSTEM32\urlmon.dll
0x00007fff89530000 - 0x00007fff897d6000 	C:\WINDOWS\SYSTEM32\iertutil.dll
0x00007fff94c00000 - 0x00007fff94c0c000 	C:\WINDOWS\SYSTEM32\CRYPTBASE.DLL
0x00007fff94a30000 - 0x00007fff94a97000 	C:\WINDOWS\system32\mswsock.dll
0x00007fff632b0000 - 0x00007fff632c3000 	C:\Program Files\Java\jdk-12.0.2\bin\nio.dll
0x00007fff33de0000 - 0x00007fff33f7f000 	C:\Program Files\Java\jdk-12.0.2\bin\awt.dll
0x00007fff96c10000 - 0x00007fff96cd4000 	C:\WINDOWS\System32\OLEAUT32.dll
0x00007fff91f70000 - 0x00007fff92530000 	C:\WINDOWS\SYSTEM32\d2d1.dll
0x00007fff93350000 - 0x00007fff933df000 	C:\WINDOWS\SYSTEM32\apphelp.dll
0x00007fff93890000 - 0x00007fff938bd000 	C:\WINDOWS\system32\DWMAPI.DLL
0x00007fff934f0000 - 0x00007fff93589000 	C:\WINDOWS\system32\uxtheme.dll
0x00007fff33c80000 - 0x00007fff33dd6000 	C:\WINDOWS\system32\opengl32.dll
0x00007fff63280000 - 0x00007fff632ac000 	C:\WINDOWS\SYSTEM32\GLU32.dll
0x00007fff93e60000 - 0x00007fff93e80000 	C:\WINDOWS\SYSTEM32\dxcore.dll
0x00007fff98060000 - 0x00007fff98196000 	C:\WINDOWS\System32\MSCTF.dll
0x00007fff96ab0000 - 0x00007fff96c07000 	C:\WINDOWS\System32\ole32.dll
0x00007fff86b50000 - 0x00007fff86d17000 	C:\WINDOWS\system32\d3d9.dll
0x00007fff8f6b0000 - 0x00007fff8f79f000 	C:\WINDOWS\System32\DriverStore\FileRepository\nv_dispi.inf_amd64_d223212c0a2275b5\nvldumdx.dll
0x00007fff96260000 - 0x00007fff963a9000 	C:\WINDOWS\System32\crypt32.dll
0x00007fff95220000 - 0x00007fff95232000 	C:\WINDOWS\System32\MSASN1.dll
0x00007fff957c0000 - 0x00007fff9581c000 	C:\WINDOWS\System32\WINTRUST.DLL
0x00007fff97b80000 - 0x00007fff97b9d000 	C:\WINDOWS\System32\imagehlp.dll
0x00007fff945a0000 - 0x00007fff945d3000 	C:\WINDOWS\system32\rsaenh.dll
0x00007fff95540000 - 0x00007fff95566000 	C:\WINDOWS\System32\bcrypt.dll
0x00007fff1ef40000 - 0x00007fff20445000 	C:\WINDOWS\System32\DriverStore\FileRepository\nv_dispi.inf_amd64_d223212c0a2275b5\nvd3dumx.dll
0x00007fff537c0000 - 0x00007fff53a77000 	C:\WINDOWS\system32\nvspcap64.dll
0x00007fff941c0000 - 0x00007fff941f1000 	C:\WINDOWS\SYSTEM32\ntmarta.dll
0x00007fff8e7e0000 - 0x00007fff8e80f000 	C:\WINDOWS\SYSTEM32\cryptnet.dll
0x00007fff93de0000 - 0x00007fff93e02000 	C:\WINDOWS\SYSTEM32\gpapi.dll
0x00007fff512a0000 - 0x00007fff51320000 	C:\Program Files\Java\jdk-12.0.2\bin\freetype.dll
0x00007fff33bd0000 - 0x00007fff33c7b000 	C:\Program Files\Java\jdk-12.0.2\bin\fontmanager.dll
0x00007fff94780000 - 0x00007fff9484b000 	C:\WINDOWS\SYSTEM32\DNSAPI.dll
0x00007fff97b70000 - 0x00007fff97b78000 	C:\WINDOWS\System32\NSI.dll
0x00007fff94740000 - 0x00007fff9477a000 	C:\WINDOWS\SYSTEM32\IPHLPAPI.DLL
0x00007fff8e7c0000 - 0x00007fff8e7ca000 	C:\Windows\System32\rasadhlp.dll
0x00007fff8e960000 - 0x00007fff8e9d7000 	C:\WINDOWS\System32\fwpuclnt.dll
0x00007fff60550000 - 0x00007fff60577000 	C:\Program Files\Java\jdk-12.0.2\bin\sunec.dll
0x00007fff950e0000 - 0x00007fff95105000 	C:\WINDOWS\SYSTEM32\USERENV.dll
0x00007fff8ebf0000 - 0x00007fff8ec06000 	C:\WINDOWS\SYSTEM32\dhcpcsvc6.DLL
0x00007fff8ebd0000 - 0x00007fff8ebec000 	C:\WINDOWS\SYSTEM32\dhcpcsvc.DLL
0x00007fff5d0f0000 - 0x00007fff5d13e000 	C:\Program Files\Java\jdk-12.0.2\bin\sqljdbc_auth.dll
0x00007fff82f10000 - 0x00007fff82f1c000 	C:\WINDOWS\system32\secur32.dll
0x00007fff950b0000 - 0x00007fff950df000 	C:\WINDOWS\SYSTEM32\SSPICLI.DLL
0x00007fff94af0000 - 0x00007fff94bf3000 	C:\WINDOWS\system32\kerberos.DLL
0x00007fff949b0000 - 0x00007fff94a27000 	C:\WINDOWS\system32\msv1_0.DLL
0x00007fff949a0000 - 0x00007fff949ad000 	C:\WINDOWS\SYSTEM32\NtlmShared.dll
0x00007fff94aa0000 - 0x00007fff94ab4000 	C:\WINDOWS\SYSTEM32\cryptdll.dll
0x00007fff6d070000 - 0x00007fff6d098000 	C:\WINDOWS\system32\ntdsapi.dll
0x00007fff6c090000 - 0x00007fff6c0a6000 	C:\WINDOWS\system32\napinsp.dll
0x00007fff68400000 - 0x00007fff6841a000 	C:\WINDOWS\system32\pnrpnsp.dll
0x00007fff6c080000 - 0x00007fff6c08e000 	C:\WINDOWS\System32\winrnr.dll
0x00007fff91b60000 - 0x00007fff91b7c000 	C:\WINDOWS\system32\NLAapi.dll
0x00007fff6a530000 - 0x00007fff6a545000 	C:\WINDOWS\system32\wshbth.dll

dbghelp: loaded successfully - version: 4.0.5 - missing functions: none
symbol engine: initialized successfully - sym options: 0x614 - pdb path: .;C:\Program Files\Java\jdk-12.0.2\bin;C:\WINDOWS\SYSTEM32;C:\WINDOWS\WinSxS\amd64_microsoft.windows.common-controls_6595b64144ccf1df_6.0.18362.836_none_e6c4b943130f18ed;C:\Program Files\Java\jdk-12.0.2\bin\server;C:\WINDOWS\System32\DriverStore\FileRepository\nv_dispi.inf_amd64_d223212c0a2275b5

VM Arguments:
jvm_args: -Dfile.encoding=UTF-8 
java_command: proyectocaptura.main
java_class_path (initial): C:\Users\PC\Desktop\ProyectoCaptura\miglayout-4.0-swing.jar;C:\Users\PC\Desktop\ProyectoCaptura\sqljdbc4-2.0.jar;C:\Users\PC\Desktop\ProyectoCaptura\build\classes
Launcher Type: SUN_STANDARD

[Global flags]
     intx CICompilerCount                          = 4                                         {product} {ergonomic}
     uint ConcGCThreads                            = 3                                         {product} {ergonomic}
     uint G1ConcRefinementThreads                  = 10                                        {product} {ergonomic}
   size_t G1HeapRegionSize                         = 2097152                                   {product} {ergonomic}
    uintx GCDrainStackTargetSize                   = 64                                        {product} {ergonomic}
   size_t InitialHeapSize                          = 536870912                                 {product} {ergonomic}
   size_t MarkStackSize                            = 4194304                                   {product} {ergonomic}
   size_t MaxHeapSize                              = 8577351680                                {product} {ergonomic}
   size_t MaxNewSize                               = 5146411008                                {product} {ergonomic}
   size_t MinHeapDeltaBytes                        = 2097152                                   {product} {ergonomic}
    uintx NonNMethodCodeHeapSize                   = 5836300                                {pd product} {ergonomic}
    uintx NonProfiledCodeHeapSize                  = 122910970                              {pd product} {ergonomic}
    uintx ProfiledCodeHeapSize                     = 122910970                              {pd product} {ergonomic}
    uintx ReservedCodeCacheSize                    = 251658240                              {pd product} {ergonomic}
     bool SegmentedCodeCache                       = true                                      {product} {ergonomic}
     bool UseCompressedClassPointers               = true                                 {lp64_product} {ergonomic}
     bool UseCompressedOops                        = true                                 {lp64_product} {ergonomic}
     bool UseG1GC                                  = true                                      {product} {ergonomic}
     bool UseLargePagesIndividualAllocation        = false                                  {pd product} {ergonomic}

Logging:
Log output configuration:
 #0: stdout all=warning uptime,level,tags
 #1: stderr all=off uptime,level,tags

Environment Variables:
PATH=C:\Program Files (x86)\Common Files\Oracle\Java\javapath;C:\Windows\system32;C:\Windows;C:\Windows\System32\Wbem;C:\Windows\System32\WindowsPowerShell\v1.0\;C:\Windows\System32\OpenSSH\;C:\Program Files (x86)\NVIDIA Corporation\PhysX\Common;C:\Program Files\NVIDIA Corporation\NVIDIA NvDLISR;C:\WINDOWS\system32;C:\WINDOWS;C:\WINDOWS\System32\Wbem;C:\WINDOWS\System32\WindowsPowerShell\v1.0\;C:\WINDOWS\System32\OpenSSH\;C:\Program Files\Microsoft SQL Server\Client SDK\ODBC\130\Tools\Binn\;C:\Program Files (x86)\Microsoft SQL Server\140\Tools\Binn\;C:\Program Files\Microsoft SQL Server\140\Tools\Binn\;C:\Program Files\Microsoft SQL Server\140\DTS\Binn\;C:\Program Files (x86)\Microsoft SQL Server\150\DTS\Binn\;C:\Program Files\Java\jdk-12.0.2\bin;C:\Users\PC\AppData\Local\Microsoft\WindowsApps;
USERNAME=PC
OS=Windows_NT
PROCESSOR_IDENTIFIER=AMD64 Family 23 Model 8 Stepping 2, AuthenticAMD



---------------  S Y S T E M  ---------------

OS: Windows 10 , 64 bit Build 18362 (10.0.18362.778)

CPU:total 12 (initial active 12) (12 cores per cpu, 2 threads per core) family 23 model 8 stepping 2, cmov, cx8, fxsr, mmx, sse, sse2, sse3, ssse3, sse4.1, sse4.2, popcnt, avx, avx2, aes, clmul, mmxext, 3dnowpref, lzcnt, sse4a, ht, tsc, tscinvbit, tscinv, bmi1, bmi2, adx, sha, fma

Memory: 4k page, system-wide physical 32717M (22807M free)
TotalPageFile size 65485M (AvailPageFile size 50128M)
current process WorkingSet (physical memory assigned to process): 98M, peak: 98M
current process commit charge ("private bytes"): 649M, peak: 649M

vm_info: Java HotSpot(TM) 64-Bit Server VM (12.0.2+10) for windows-amd64 JRE (12.0.2+10), built on Jul 16 2019 01:56:17 by "mach5one" with MS VC++ 15.5 (VS2017)

END.
